<?xml version="1.0" encoding="UTF-8"?>
<testng-results skipped="0" failed="0" total="1" passed="1">
  <reporter-output>
    <line>
      <![CDATA[<div style="display:block;margin-left:10px;"></div>]]>
    </line>
  </reporter-output>
  <suite name="Suite" duration-ms="24676" started-at="2017-05-09T10:00:10Z" finished-at="2017-05-09T10:00:35Z">
    <groups>
    </groups>
    <test name="Test" duration-ms="24676" started-at="2017-05-09T10:00:10Z" finished-at="2017-05-09T10:00:35Z">
      <class name="com.assignment.android.flipkartmobileapp.tests.Addtocart">
        <test-method status="PASS" signature="addprodudttocart()[pri:0, instance:com.assignment.android.flipkartmobileapp.tests.Addtocart@38bc8ab5]" name="addprodudttocart" duration-ms="24649" started-at="2017-05-09T15:30:10Z" finished-at="2017-05-09T15:30:35Z">
          <reporter-output>
            <line>
              <![CDATA[<div style="display:block;margin-left:10px;"></div>]]>
            </line>
          </reporter-output>
        </test-method> <!-- addprodudttocart -->
      </class> <!-- com.assignment.android.flipkartmobileapp.tests.Addtocart -->
    </test> <!-- Test -->
  </suite> <!-- Suite -->
</testng-results>
