<?xml version="1.0" encoding="UTF-8" ?>
<testsuite tests="1" failures="1" name="TestSuite" time="31.3" errors="0" skipped="0">
  <properties>
[...]
</properties>
  <testcase classname="com.assignment.android.flipkartmobileapp.tests.Addtocart" name="addprodudttocart" time="30.659">
    <failure message="Timed out after 5 seconds waiting for presence of element located by: By.id: 	com.flipkart.android:id/search_widget
Build info: version: &apos;2.53.0&apos;, revision: &apos;35ae25b1534ae328c771e0856c93e187490ca824&apos;, time: &apos;2016-03-15 10:43:46&apos;
System info: host: &apos;ICPL11541&apos;, ip: &apos;10.11.31.182&apos;, os.name: &apos;Windows 8&apos;, os.arch: &apos;amd64&apos;, os.version: &apos;6.2&apos;, java.version: &apos;1.8.0_111&apos;
Driver info: driver.version: QAFExtendedWebDriver" type="org.openqa.selenium.TimeoutException">org.openqa.selenium.TimeoutException: Timed out after 5 seconds waiting for presence of element located by: By.id: 	com.flipkart.android:id/search_widget
Build info: version: &apos;2.53.0&apos;, revision: &apos;35ae25b1534ae328c771e0856c93e187490ca824&apos;, time: &apos;2016-03-15 10:43:46&apos;
System info: host: &apos;ICPL11541&apos;, ip: &apos;10.11.31.182&apos;, os.name: &apos;Windows 8&apos;, os.arch: &apos;amd64&apos;, os.version: &apos;6.2&apos;, java.version: &apos;1.8.0_111&apos;
Driver info: driver.version: QAFExtendedWebDriver
	at org.openqa.selenium.support.ui.FluentWait.timeoutException(FluentWait.java:292)
	at org.openqa.selenium.support.ui.FluentWait.until(FluentWait.java:261)
	at com.qmetry.qaf.automation.ui.webdriver.QAFExtendedWebDriver.load(QAFExtendedWebDriver.java:214)
	at com.qmetry.qaf.automation.ui.webdriver.QAFExtendedWebElement.load(QAFExtendedWebElement.java:284)
	at com.qmetry.qaf.automation.ui.webdriver.QAFExtendedWebElement.execute(QAFExtendedWebElement.java:239)
	at org.openqa.selenium.remote.RemoteWebElement.click(RemoteWebElement.java:85)
	at com.assignment.android.flipkartmobileapp.tests.Addtocart.addprodudttocart(Addtocart.java:19)
Caused by: org.openqa.selenium.NoSuchElementException: An element could not be located on the page using the given search parameters. (WARNING: The server did not provide any stacktrace information)
Command duration or timeout: 1.65 seconds
For documentation on this error, please visit: http://seleniumhq.org/exceptions/no_such_element.html
Build info: version: &apos;2.53.0&apos;, revision: &apos;35ae25b1534ae328c771e0856c93e187490ca824&apos;, time: &apos;2016-03-15 10:43:46&apos;
System info: host: &apos;ICPL11541&apos;, ip: &apos;10.11.31.182&apos;, os.name: &apos;Windows 8&apos;, os.arch: &apos;amd64&apos;, os.version: &apos;6.2&apos;, java.version: &apos;1.8.0_111&apos;
Driver info: com.qmetry.qaf.automation.ui.webdriver.QAFExtendedWebDriver
Capabilities [{appPackage=com.flipkart.android, deviceScreenSize=1440x2560, networkConnectionEnabled=true, warnings={}, databaseEnabled=false, deviceName=192.168.60.101:5555, platform=LINUX, deviceUDID=192.168.60.101:5555, appActivity=com.flipkart.android.SplashActivity, browser_name=, desired={appPackage=com.flipkart.android, appActivity=com.flipkart.android.SplashActivity, browser_name=, appium-version=3.3.0, newCommandTimeout=120, automationName=Appium, takesScreenshot=true, javascriptEnabled=true, driver.class=io.appium.java_client.android.AndroidDriver, platformName=Android, deviceName=192.168.119.102:5555, cssSelectorsEnabled=true}, appium-version=3.3.0, newCommandTimeout=120, platformVersion=5.1, webStorageEnabled=false, locationContextEnabled=false, automationName=Appium, takesScreenshot=true, javascriptEnabled=true, driver.class=io.appium.java_client.android.AndroidDriver, deviceModel=Samsung Galaxy S6 - 5.1.0 - API 22 - 1440x2560, platformName=Android, deviceManufacturer=unknown, cssSelectorsEnabled=true}]
Session ID: 0bf53ad2-d2de-4619-8abe-12d328d2cf3c
*** Element info: {Using=id, value=	com.flipkart.android:id/search_widget}
	at sun.reflect.NativeConstructorAccessorImpl.newInstance0(Native Method)
	at sun.reflect.NativeConstructorAccessorImpl.newInstance(NativeConstructorAccessorImpl.java:62)
	at sun.reflect.DelegatingConstructorAccessorImpl.newInstance(DelegatingConstructorAccessorImpl.java:45)
	at java.lang.reflect.Constructor.newInstance(Constructor.java:423)
	at org.openqa.selenium.remote.ErrorHandler.createThrowable(ErrorHandler.java:206)
	at org.openqa.selenium.remote.ErrorHandler.throwIfResponseFailed(ErrorHandler.java:158)
	at org.openqa.selenium.remote.RemoteWebDriver.execute(RemoteWebDriver.java:678)
	at com.qmetry.qaf.automation.ui.webdriver.QAFExtendedWebDriver.execute(QAFExtendedWebDriver.java:234)
	at org.openqa.selenium.remote.RemoteWebDriver.findElement(RemoteWebDriver.java:363)
	at org.openqa.selenium.remote.RemoteWebDriver.findElementById(RemoteWebDriver.java:413)
	at com.qmetry.qaf.automation.ui.webdriver.QAFExtendedWebDriver.findElementById(QAFExtendedWebDriver.java:371)
	at com.qmetry.qaf.automation.ui.webdriver.QAFExtendedWebDriver.findElementById(QAFExtendedWebDriver.java:1)
	at org.openqa.selenium.By$ById.findElement(By.java:218)
	at org.openqa.selenium.remote.RemoteWebDriver.findElement(RemoteWebDriver.java:355)
	at com.qmetry.qaf.automation.ui.webdriver.QAFExtendedWebDriver.findElement(QAFExtendedWebDriver.java:169)
	at com.qmetry.qaf.automation.ui.webdriver.QAFExtendedWebDriver.findElement(QAFExtendedWebDriver.java:1)
	at org.openqa.selenium.support.ui.ExpectedConditions.findElement(ExpectedConditions.java:911)
	at org.openqa.selenium.support.ui.ExpectedConditions.access$000(ExpectedConditions.java:41)
	at org.openqa.selenium.support.ui.ExpectedConditions$6.apply(ExpectedConditions.java:181)
	at org.openqa.selenium.support.ui.ExpectedConditions$6.apply(ExpectedConditions.java:178)
	at org.openqa.selenium.support.ui.FluentWait.until(FluentWait.java:238)
	... 38 more
</failure>
    <system-out>[ConfigurationManager] - ISFW build info: {qaf-Type=core, qaf-Revision=10, qaf-Version=2.1, qaf-Build-Time=03-Jan-2017 14:01:00}
[ConfigurationManager] - Resource dir: D:\ workspace11\FlipkartMobileApp\resources. Found property files to load: 3
[ConfigurationManager] - Resource dir: D:\ workspace11\FlipkartMobileApp\resources. Found property files to load: 0
[QAFTestBase] - Initializing Driver...browser_str:appiumDriver,base_url:http://localhost:4723/wd/hub,sel_server:localhost,port:4723
[UiDriverFactory] - Driver: appiumDriver
driver init done
[WebDriverCommandLogger] - Executing findElement parameters: {&quot;using&quot;:&quot;id&quot;,&quot;value&quot;:&quot;com.flipkart.android:id/btn_skip&quot;}
[WebDriverCommandLogger] - command: findElement[ param-1: {value=com.flipkart.android:id/btn_skip, using=id}] Result: An element could not be located on the page using the given search parameters. (WARNING: The server did not provide any stacktrace information)
Command duration or timeout: 377 milliseconds
For documentation on this error, please visit: http://seleniumhq.org/exceptions/no_such_element.html
Build info: version: &apos;2.53.0&apos;, revision: &apos;35ae25b1534ae328c771e0856c93e187490ca824&apos;, time: &apos;2016-03-15 10:43:46&apos;
System info: host: &apos;ICPL11541&apos;, ip: &apos;10.11.31.182&apos;, os.name: &apos;Windows 8&apos;, os.arch: &apos;amd64&apos;, os.version: &apos;6.2&apos;, java.version: &apos;1.8.0_111&apos;
Driver info: com.qmetry.qaf.automation.ui.webdriver.QAFExtendedWebDriver
Capabilities [{appPackage=com.flipkart.android, deviceScreenSize=1440x2560, networkConnectionEnabled=true, warnings={}, databaseEnabled=false, deviceName=192.168.60.101:5555, platform=LINUX, deviceUDID=192.168.60.101:5555, appActivity=com.flipkart.android.SplashActivity, browser_name=, desired={appPackage=com.flipkart.android, appActivity=com.flipkart.android.SplashActivity, browser_name=, appium-version=3.3.0, newCommandTimeout=120, automationName=Appium, takesScreenshot=true, javascriptEnabled=true, driver.class=io.appium.java_client.android.AndroidDriver, platformName=Android, deviceName=192.168.119.102:5555, cssSelectorsEnabled=true}, appium-version=3.3.0, newCommandTimeout=120, platformVersion=5.1, webStorageEnabled=false, locationContextEnabled=false, automationName=Appium, takesScreenshot=true, javascriptEnabled=true, driver.class=io.appium.java_client.android.AndroidDriver, deviceModel=Samsung Galaxy S6 - 5.1.0 - API 22 - 1440x2560, platformName=Android, deviceManufacturer=unknown, cssSelectorsEnabled=true}]
Session ID: 0bf53ad2-d2de-4619-8abe-12d328d2cf3c
*** Element info: {Using=id, value=com.flipkart.android:id/btn_skip}
[WebDriverCommandLogger] - Executing findElement parameters: {&quot;using&quot;:&quot;id&quot;,&quot;value&quot;:&quot;com.flipkart.android:id/btn_skip&quot;}
[WebDriverCommandLogger] - command: findElement[ param-1: {value=com.flipkart.android:id/btn_skip, using=id}] Result: An element could not be located on the page using the given search parameters. (WARNING: The server did not provide any stacktrace information)
Command duration or timeout: 196 milliseconds
For documentation on this error, please visit: http://seleniumhq.org/exceptions/no_such_element.html
Build info: version: &apos;2.53.0&apos;, revision: &apos;35ae25b1534ae328c771e0856c93e187490ca824&apos;, time: &apos;2016-03-15 10:43:46&apos;
System info: host: &apos;ICPL11541&apos;, ip: &apos;10.11.31.182&apos;, os.name: &apos;Windows 8&apos;, os.arch: &apos;amd64&apos;, os.version: &apos;6.2&apos;, java.version: &apos;1.8.0_111&apos;
Driver info: com.qmetry.qaf.automation.ui.webdriver.QAFExtendedWebDriver
Capabilities [{appPackage=com.flipkart.android, deviceScreenSize=1440x2560, networkConnectionEnabled=true, warnings={}, databaseEnabled=false, deviceName=192.168.60.101:5555, platform=LINUX, deviceUDID=192.168.60.101:5555, appActivity=com.flipkart.android.SplashActivity, browser_name=, desired={appPackage=com.flipkart.android, appActivity=com.flipkart.android.SplashActivity, browser_name=, appium-version=3.3.0, newCommandTimeout=120, automationName=Appium, takesScreenshot=true, javascriptEnabled=true, driver.class=io.appium.java_client.android.AndroidDriver, platformName=Android, deviceName=192.168.119.102:5555, cssSelectorsEnabled=true}, appium-version=3.3.0, newCommandTimeout=120, platformVersion=5.1, webStorageEnabled=false, locationContextEnabled=false, automationName=Appium, takesScreenshot=true, javascriptEnabled=true, driver.class=io.appium.java_client.android.AndroidDriver, deviceModel=Samsung Galaxy S6 - 5.1.0 - API 22 - 1440x2560, platformName=Android, deviceManufacturer=unknown, cssSelectorsEnabled=true}]
Session ID: 0bf53ad2-d2de-4619-8abe-12d328d2cf3c
*** Element info: {Using=id, value=com.flipkart.android:id/btn_skip}
[WebDriverCommandLogger] - Executing findElement parameters: {&quot;using&quot;:&quot;id&quot;,&quot;value&quot;:&quot;com.flipkart.android:id/btn_skip&quot;}
[WebDriverCommandLogger] - command: findElement[ param-1: {value=com.flipkart.android:id/btn_skip, using=id}] Result: An element could not be located on the page using the given search parameters. (WARNING: The server did not provide any stacktrace information)
Command duration or timeout: 512 milliseconds
For documentation on this error, please visit: http://seleniumhq.org/exceptions/no_such_element.html
Build info: version: &apos;2.53.0&apos;, revision: &apos;35ae25b1534ae328c771e0856c93e187490ca824&apos;, time: &apos;2016-03-15 10:43:46&apos;
System info: host: &apos;ICPL11541&apos;, ip: &apos;10.11.31.182&apos;, os.name: &apos;Windows 8&apos;, os.arch: &apos;amd64&apos;, os.version: &apos;6.2&apos;, java.version: &apos;1.8.0_111&apos;
Driver info: com.qmetry.qaf.automation.ui.webdriver.QAFExtendedWebDriver
Capabilities [{appPackage=com.flipkart.android, deviceScreenSize=1440x2560, networkConnectionEnabled=true, warnings={}, databaseEnabled=false, deviceName=192.168.60.101:5555, platform=LINUX, deviceUDID=192.168.60.101:5555, appActivity=com.flipkart.android.SplashActivity, browser_name=, desired={appPackage=com.flipkart.android, appActivity=com.flipkart.android.SplashActivity, browser_name=, appium-version=3.3.0, newCommandTimeout=120, automationName=Appium, takesScreenshot=true, javascriptEnabled=true, driver.class=io.appium.java_client.android.AndroidDriver, platformName=Android, deviceName=192.168.119.102:5555, cssSelectorsEnabled=true}, appium-version=3.3.0, newCommandTimeout=120, platformVersion=5.1, webStorageEnabled=false, locationContextEnabled=false, automationName=Appium, takesScreenshot=true, javascriptEnabled=true, driver.class=io.appium.java_client.android.AndroidDriver, deviceModel=Samsung Galaxy S6 - 5.1.0 - API 22 - 1440x2560, platformName=Android, deviceManufacturer=unknown, cssSelectorsEnabled=true}]
Session ID: 0bf53ad2-d2de-4619-8abe-12d328d2cf3c
*** Element info: {Using=id, value=com.flipkart.android:id/btn_skip}
[WebDriverCommandLogger] - Executing findElement parameters: {&quot;using&quot;:&quot;id&quot;,&quot;value&quot;:&quot;com.flipkart.android:id/btn_skip&quot;}
[WebDriverCommandLogger] - command: findElement[ param-1: {value=com.flipkart.android:id/btn_skip, using=id}] Result: id: 1
[WebDriverCommandLogger] - Executing clickElement element: By.id: com.flipkart.android:id/btn_skip parameters: {&quot;id&quot;:&quot;1&quot;}
[WebDriverCommandLogger] - command: clickElement[ param-1: By.id: com.flipkart.android:id/btn_skip param-2: {&quot;id&quot;:&quot;1&quot;}] Result: clickElement:true
[WebDriverCommandLogger] - Executing findElement parameters: {&quot;using&quot;:&quot;id&quot;,&quot;value&quot;:&quot;\tcom.flipkart.android:id/search_widget&quot;}
[WebDriverCommandLogger] - command: findElement[ param-1: {value=	com.flipkart.android:id/search_widget, using=id}] Result: An element could not be located on the page using the given search parameters. (WARNING: The server did not provide any stacktrace information)
Command duration or timeout: 173 milliseconds
For documentation on this error, please visit: http://seleniumhq.org/exceptions/no_such_element.html
Build info: version: &apos;2.53.0&apos;, revision: &apos;35ae25b1534ae328c771e0856c93e187490ca824&apos;, time: &apos;2016-03-15 10:43:46&apos;
System info: host: &apos;ICPL11541&apos;, ip: &apos;10.11.31.182&apos;, os.name: &apos;Windows 8&apos;, os.arch: &apos;amd64&apos;, os.version: &apos;6.2&apos;, java.version: &apos;1.8.0_111&apos;
Driver info: com.qmetry.qaf.automation.ui.webdriver.QAFExtendedWebDriver
Capabilities [{appPackage=com.flipkart.android, deviceScreenSize=1440x2560, networkConnectionEnabled=true, warnings={}, databaseEnabled=false, deviceName=192.168.60.101:5555, platform=LINUX, deviceUDID=192.168.60.101:5555, appActivity=com.flipkart.android.SplashActivity, browser_name=, desired={appPackage=com.flipkart.android, appActivity=com.flipkart.android.SplashActivity, browser_name=, appium-version=3.3.0, newCommandTimeout=120, automationName=Appium, takesScreenshot=true, javascriptEnabled=true, driver.class=io.appium.java_client.android.AndroidDriver, platformName=Android, deviceName=192.168.119.102:5555, cssSelectorsEnabled=true}, appium-version=3.3.0, newCommandTimeout=120, platformVersion=5.1, webStorageEnabled=false, locationContextEnabled=false, automationName=Appium, takesScreenshot=true, javascriptEnabled=true, driver.class=io.appium.java_client.android.AndroidDriver, deviceModel=Samsung Galaxy S6 - 5.1.0 - API 22 - 1440x2560, platformName=Android, deviceManufacturer=unknown, cssSelectorsEnabled=true}]
Session ID: 0bf53ad2-d2de-4619-8abe-12d328d2cf3c
*** Element info: {Using=id, value=	com.flipkart.android:id/search_widget}
[WebDriverCommandLogger] - Executing findElement parameters: {&quot;using&quot;:&quot;id&quot;,&quot;value&quot;:&quot;\tcom.flipkart.android:id/search_widget&quot;}
[WebDriverCommandLogger] - command: findElement[ param-1: {value=	com.flipkart.android:id/search_widget, using=id}] Result: An element could not be located on the page using the given search parameters. (WARNING: The server did not provide any stacktrace information)
Command duration or timeout: 104 milliseconds
For documentation on this error, please visit: http://seleniumhq.org/exceptions/no_such_element.html
Build info: version: &apos;2.53.0&apos;, revision: &apos;35ae25b1534ae328c771e0856c93e187490ca824&apos;, time: &apos;2016-03-15 10:43:46&apos;
System info: host: &apos;ICPL11541&apos;, ip: &apos;10.11.31.182&apos;, os.name: &apos;Windows 8&apos;, os.arch: &apos;amd64&apos;, os.version: &apos;6.2&apos;, java.version: &apos;1.8.0_111&apos;
Driver info: com.qmetry.qaf.automation.ui.webdriver.QAFExtendedWebDriver
Capabilities [{appPackage=com.flipkart.android, deviceScreenSize=1440x2560, networkConnectionEnabled=true, warnings={}, databaseEnabled=false, deviceName=192.168.60.101:5555, platform=LINUX, deviceUDID=192.168.60.101:5555, appActivity=com.flipkart.android.SplashActivity, browser_name=, desired={appPackage=com.flipkart.android, appActivity=com.flipkart.android.SplashActivity, browser_name=, appium-version=3.3.0, newCommandTimeout=120, automationName=Appium, takesScreenshot=true, javascriptEnabled=true, driver.class=io.appium.java_client.android.AndroidDriver, platformName=Android, deviceName=192.168.119.102:5555, cssSelectorsEnabled=true}, appium-version=3.3.0, newCommandTimeout=120, platformVersion=5.1, webStorageEnabled=false, locationContextEnabled=false, automationName=Appium, takesScreenshot=true, javascriptEnabled=true, driver.class=io.appium.java_client.android.AndroidDriver, deviceModel=Samsung Galaxy S6 - 5.1.0 - API 22 - 1440x2560, platformName=Android, deviceManufacturer=unknown, cssSelectorsEnabled=true}]
Session ID: 0bf53ad2-d2de-4619-8abe-12d328d2cf3c
*** Element info: {Using=id, value=	com.flipkart.android:id/search_widget}
[WebDriverCommandLogger] - Executing findElement parameters: {&quot;using&quot;:&quot;id&quot;,&quot;value&quot;:&quot;\tcom.flipkart.android:id/search_widget&quot;}
[WebDriverCommandLogger] - command: findElement[ param-1: {value=	com.flipkart.android:id/search_widget, using=id}] Result: An element could not be located on the page using the given search parameters. (WARNING: The server did not provide any stacktrace information)
Command duration or timeout: 143 milliseconds
For documentation on this error, please visit: http://seleniumhq.org/exceptions/no_such_element.html
Build info: version: &apos;2.53.0&apos;, revision: &apos;35ae25b1534ae328c771e0856c93e187490ca824&apos;, time: &apos;2016-03-15 10:43:46&apos;
System info: host: &apos;ICPL11541&apos;, ip: &apos;10.11.31.182&apos;, os.name: &apos;Windows 8&apos;, os.arch: &apos;amd64&apos;, os.version: &apos;6.2&apos;, java.version: &apos;1.8.0_111&apos;
Driver info: com.qmetry.qaf.automation.ui.webdriver.QAFExtendedWebDriver
Capabilities [{appPackage=com.flipkart.android, deviceScreenSize=1440x2560, networkConnectionEnabled=true, warnings={}, databaseEnabled=false, deviceName=192.168.60.101:5555, platform=LINUX, deviceUDID=192.168.60.101:5555, appActivity=com.flipkart.android.SplashActivity, browser_name=, desired={appPackage=com.flipkart.android, appActivity=com.flipkart.android.SplashActivity, browser_name=, appium-version=3.3.0, newCommandTimeout=120, automationName=Appium, takesScreenshot=true, javascriptEnabled=true, driver.class=io.appium.java_client.android.AndroidDriver, platformName=Android, deviceName=192.168.119.102:5555, cssSelectorsEnabled=true}, appium-version=3.3.0, newCommandTimeout=120, platformVersion=5.1, webStorageEnabled=false, locationContextEnabled=false, automationName=Appium, takesScreenshot=true, javascriptEnabled=true, driver.class=io.appium.java_client.android.AndroidDriver, deviceModel=Samsung Galaxy S6 - 5.1.0 - API 22 - 1440x2560, platformName=Android, deviceManufacturer=unknown, cssSelectorsEnabled=true}]
Session ID: 0bf53ad2-d2de-4619-8abe-12d328d2cf3c
*** Element info: {Using=id, value=	com.flipkart.android:id/search_widget}
[WebDriverCommandLogger] - Executing findElement parameters: {&quot;using&quot;:&quot;id&quot;,&quot;value&quot;:&quot;\tcom.flipkart.android:id/search_widget&quot;}
[WebDriverCommandLogger] - command: findElement[ param-1: {value=	com.flipkart.android:id/search_widget, using=id}] Result: An element could not be located on the page using the given search parameters. (WARNING: The server did not provide any stacktrace information)
Command duration or timeout: 138 milliseconds
For documentation on this error, please visit: http://seleniumhq.org/exceptions/no_such_element.html
Build info: version: &apos;2.53.0&apos;, revision: &apos;35ae25b1534ae328c771e0856c93e187490ca824&apos;, time: &apos;2016-03-15 10:43:46&apos;
System info: host: &apos;ICPL11541&apos;, ip: &apos;10.11.31.182&apos;, os.name: &apos;Windows 8&apos;, os.arch: &apos;amd64&apos;, os.version: &apos;6.2&apos;, java.version: &apos;1.8.0_111&apos;
Driver info: com.qmetry.qaf.automation.ui.webdriver.QAFExtendedWebDriver
Capabilities [{appPackage=com.flipkart.android, deviceScreenSize=1440x2560, networkConnectionEnabled=true, warnings={}, databaseEnabled=false, deviceName=192.168.60.101:5555, platform=LINUX, deviceUDID=192.168.60.101:5555, appActivity=com.flipkart.android.SplashActivity, browser_name=, desired={appPackage=com.flipkart.android, appActivity=com.flipkart.android.SplashActivity, browser_name=, appium-version=3.3.0, newCommandTimeout=120, automationName=Appium, takesScreenshot=true, javascriptEnabled=true, driver.class=io.appium.java_client.android.AndroidDriver, platformName=Android, deviceName=192.168.119.102:5555, cssSelectorsEnabled=true}, appium-version=3.3.0, newCommandTimeout=120, platformVersion=5.1, webStorageEnabled=false, locationContextEnabled=false, automationName=Appium, takesScreenshot=true, javascriptEnabled=true, driver.class=io.appium.java_client.android.AndroidDriver, deviceModel=Samsung Galaxy S6 - 5.1.0 - API 22 - 1440x2560, platformName=Android, deviceManufacturer=unknown, cssSelectorsEnabled=true}]
Session ID: 0bf53ad2-d2de-4619-8abe-12d328d2cf3c
*** Element info: {Using=id, value=	com.flipkart.android:id/search_widget}
[WebDriverCommandLogger] - Executing findElement parameters: {&quot;using&quot;:&quot;id&quot;,&quot;value&quot;:&quot;\tcom.flipkart.android:id/search_widget&quot;}
[WebDriverCommandLogger] - command: findElement[ param-1: {value=	com.flipkart.android:id/search_widget, using=id}] Result: An element could not be located on the page using the given search parameters. (WARNING: The server did not provide any stacktrace information)
Command duration or timeout: 1.65 seconds
For documentation on this error, please visit: http://seleniumhq.org/exceptions/no_such_element.html
Build info: version: &apos;2.53.0&apos;, revision: &apos;35ae25b1534ae328c771e0856c93e187490ca824&apos;, time: &apos;2016-03-15 10:43:46&apos;
System info: host: &apos;ICPL11541&apos;, ip: &apos;10.11.31.182&apos;, os.name: &apos;Windows 8&apos;, os.arch: &apos;amd64&apos;, os.version: &apos;6.2&apos;, java.version: &apos;1.8.0_111&apos;
Driver info: com.qmetry.qaf.automation.ui.webdriver.QAFExtendedWebDriver
Capabilities [{appPackage=com.flipkart.android, deviceScreenSize=1440x2560, networkConnectionEnabled=true, warnings={}, databaseEnabled=false, deviceName=192.168.60.101:5555, platform=LINUX, deviceUDID=192.168.60.101:5555, appActivity=com.flipkart.android.SplashActivity, browser_name=, desired={appPackage=com.flipkart.android, appActivity=com.flipkart.android.SplashActivity, browser_name=, appium-version=3.3.0, newCommandTimeout=120, automationName=Appium, takesScreenshot=true, javascriptEnabled=true, driver.class=io.appium.java_client.android.AndroidDriver, platformName=Android, deviceName=192.168.119.102:5555, cssSelectorsEnabled=true}, appium-version=3.3.0, newCommandTimeout=120, platformVersion=5.1, webStorageEnabled=false, locationContextEnabled=false, automationName=Appium, takesScreenshot=true, javascriptEnabled=true, driver.class=io.appium.java_client.android.AndroidDriver, deviceModel=Samsung Galaxy S6 - 5.1.0 - API 22 - 1440x2560, platformName=Android, deviceManufacturer=unknown, cssSelectorsEnabled=true}]
Session ID: 0bf53ad2-d2de-4619-8abe-12d328d2cf3c
*** Element info: {Using=id, value=	com.flipkart.android:id/search_widget}
[WebDriverCommandLogger] - command: clickElement[ param-1: By.id: 	com.flipkart.android:id/search_widget param-2: {&quot;id&quot;:&quot;-1&quot;}] Result: Timed out after 5 seconds waiting for presence of element located by: By.id: 	com.flipkart.android:id/search_widget
Build info: version: &apos;2.53.0&apos;, revision: &apos;35ae25b1534ae328c771e0856c93e187490ca824&apos;, time: &apos;2016-03-15 10:43:46&apos;
System info: host: &apos;ICPL11541&apos;, ip: &apos;10.11.31.182&apos;, os.name: &apos;Windows 8&apos;, os.arch: &apos;amd64&apos;, os.version: &apos;6.2&apos;, java.version: &apos;1.8.0_111&apos;
Driver info: driver.version: QAFExtendedWebDriver
[QAFInvokedMethodListener2] - org.openqa.selenium.TimeoutException: Timed out after 5 seconds waiting for presence of element located by: By.id: 	com.flipkart.android:id/search_widget
Build info: version: &apos;2.53.0&apos;, revision: &apos;35ae25b1534ae328c771e0856c93e187490ca824&apos;, time: &apos;2016-03-15 10:43:46&apos;
System info: host: &apos;ICPL11541&apos;, ip: &apos;10.11.31.182&apos;, os.name: &apos;Windows 8&apos;, os.arch: &apos;amd64&apos;, os.version: &apos;6.2&apos;, java.version: &apos;1.8.0_111&apos;
Driver info: driver.version: QAFExtendedWebDriver
[WebDriverCommandLogger] - Executing screenshot parameters: {}
[QAFTestBase] - Capturing screen shotaddprodudttocart_os58whudaidm40563.png
</system-out>
    <system-err>log4j:WARN No such property [follow] in org.apache.log4j.FileAppender.
</system-err>
  </testcase>
</testsuite>